<?xml version="1.0" encoding="UTF-8"?>
<testsuite xmlns:xsi="http://www.w3.org/2001/XMLSchema-instance" xsi:noNamespaceSchemaLocation="https://maven.apache.org/surefire/maven-surefire-plugin/xsd/surefire-test-report-3.0.xsd" version="3.0" name="services.WalletServiceTest" time="0.027" tests="7" errors="0" skipped="0" failures="0">
  <properties>
[...]
</properties>
  <testcase name="shouldAddIncome" classname="services.WalletServiceTest" time="0.006"/>
  <testcase name="shouldAddExpense" classname="services.WalletServiceTest" time="0.008">
    <system-out><![CDATA[Остаток для категории Food: 950.0
]]></system-out>
  </testcase>
  <testcase name="shouldNotDeleteDefaultCategory" classname="services.WalletServiceTest" time="0.003">
    <system-out><![CDATA[Данную категорию невозможно удалить
]]></system-out>
  </testcase>
  <testcase name="shouldNotAllowExpenseGreaterThanBalance" classname="services.WalletServiceTest" time="0.002">
    <system-out><![CDATA[Недостаточно средств
]]></system-out>
  </testcase>
  <testcase name="shouldCreateNewCategory" classname="services.WalletServiceTest" time="0.0"/>
  <testcase name="shouldNotCreateDuplicateCategory" classname="services.WalletServiceTest" time="0.001">
    <system-out><![CDATA[Категория уже существует
]]></system-out>
  </testcase>
  <testcase name="shouldDeleteExistingCategory" classname="services.WalletServiceTest" time="0.001"/>
</testsuite>